{"total": {"lines":{"total":1320,"covered":119,"skipped":0,"pct":9.01},"statements":{"total":1407,"covered":128,"skipped":0,"pct":9.09},"functions":{"total":277,"covered":23,"skipped":0,"pct":8.3},"branches":{"total":503,"covered":42,"skipped":0,"pct":8.34},"branchesTrue":{"total":0,"covered":0,"skipped":0,"pct":100}}
,"C:\\Repos\\MrBrooksAuthServices\\src\\app\\ClientLayout.tsx": {"lines":{"total":2,"covered":0,"skipped":0,"pct":0},"functions":{"total":1,"covered":0,"skipped":0,"pct":0},"statements":{"total":2,"covered":0,"skipped":0,"pct":0},"branches":{"total":0,"covered":0,"skipped":0,"pct":100}}
,"C:\\Repos\\MrBrooksAuthServices\\src\\app\\page.tsx": {"lines":{"total":41,"covered":0,"skipped":0,"pct":0},"functions":{"total":8,"covered":0,"skipped":0,"pct":0},"statements":{"total":41,"covered":0,"skipped":0,"pct":0},"branches":{"total":18,"covered":0,"skipped":0,"pct":0}}
,"C:\\Repos\\MrBrooksAuthServices\\src\\app\\admin\\page.tsx": {"lines":{"total":45,"covered":0,"skipped":0,"pct":0},"functions":{"total":14,"covered":0,"skipped":0,"pct":0},"statements":{"total":49,"covered":0,"skipped":0,"pct":0},"branches":{"total":14,"covered":0,"skipped":0,"pct":0}}
,"C:\\Repos\\MrBrooksAuthServices\\src\\app\\admin-setup\\page.tsx": {"lines":{"total":25,"covered":0,"skipped":0,"pct":0},"functions":{"total":2,"covered":0,"skipped":0,"pct":0},"statements":{"total":28,"covered":0,"skipped":0,"pct":0},"branches":{"total":11,"covered":0,"skipped":0,"pct":0}}
,"C:\\Repos\\MrBrooksAuthServices\\src\\app\\admin\\applications\\[id]\\page.tsx": {"lines":{"total":47,"covered":0,"skipped":0,"pct":0},"functions":{"total":8,"covered":0,"skipped":0,"pct":0},"statements":{"total":48,"covered":0,"skipped":0,"pct":0},"branches":{"total":27,"covered":0,"skipped":0,"pct":0}}
,"C:\\Repos\\MrBrooksAuthServices\\src\\app\\api\\applications\\route.ts": {"lines":{"total":44,"covered":0,"skipped":0,"pct":0},"functions":{"total":2,"covered":0,"skipped":0,"pct":0},"statements":{"total":44,"covered":0,"skipped":0,"pct":0},"branches":{"total":21,"covered":0,"skipped":0,"pct":0}}
,"C:\\Repos\\MrBrooksAuthServices\\src\\app\\api\\applications\\[id]\\route.ts": {"lines":{"total":73,"covered":0,"skipped":0,"pct":0},"functions":{"total":3,"covered":0,"skipped":0,"pct":0},"statements":{"total":77,"covered":0,"skipped":0,"pct":0},"branches":{"total":39,"covered":0,"skipped":0,"pct":0}}
,"C:\\Repos\\MrBrooksAuthServices\\src\\app\\api\\applications\\[id]\\tiers\\route.ts": {"lines":{"total":49,"covered":0,"skipped":0,"pct":0},"functions":{"total":2,"covered":0,"skipped":0,"pct":0},"statements":{"total":49,"covered":0,"skipped":0,"pct":0},"branches":{"total":32,"covered":0,"skipped":0,"pct":0}}
,"C:\\Repos\\MrBrooksAuthServices\\src\\app\\api\\applications\\__tests__\\route.test.ts": {"lines":{"total":137,"covered":0,"skipped":0,"pct":0},"functions":{"total":21,"covered":0,"skipped":0,"pct":0},"statements":{"total":137,"covered":0,"skipped":0,"pct":0},"branches":{"total":0,"covered":0,"skipped":0,"pct":100}}
,"C:\\Repos\\MrBrooksAuthServices\\src\\app\\api\\auth\\verify\\route.ts": {"lines":{"total":32,"covered":0,"skipped":0,"pct":0},"functions":{"total":2,"covered":0,"skipped":0,"pct":0},"statements":{"total":32,"covered":0,"skipped":0,"pct":0},"branches":{"total":20,"covered":0,"skipped":0,"pct":0}}
,"C:\\Repos\\MrBrooksAuthServices\\src\\app\\api\\auth\\verify\\__tests__\\route.test.ts": {"lines":{"total":142,"covered":0,"skipped":0,"pct":0},"functions":{"total":19,"covered":0,"skipped":0,"pct":0},"statements":{"total":142,"covered":0,"skipped":0,"pct":0},"branches":{"total":0,"covered":0,"skipped":0,"pct":100}}
,"C:\\Repos\\MrBrooksAuthServices\\src\\app\\auth-test\\page.tsx": {"lines":{"total":40,"covered":0,"skipped":0,"pct":0},"functions":{"total":8,"covered":0,"skipped":0,"pct":0},"statements":{"total":40,"covered":0,"skipped":0,"pct":0},"branches":{"total":19,"covered":0,"skipped":0,"pct":0}}
,"C:\\Repos\\MrBrooksAuthServices\\src\\app\\dev-tools\\page.tsx": {"lines":{"total":62,"covered":0,"skipped":0,"pct":0},"functions":{"total":16,"covered":0,"skipped":0,"pct":0},"statements":{"total":71,"covered":0,"skipped":0,"pct":0},"branches":{"total":31,"covered":0,"skipped":0,"pct":0}}
,"C:\\Repos\\MrBrooksAuthServices\\src\\app\\simple-test\\page.tsx": {"lines":{"total":49,"covered":0,"skipped":0,"pct":0},"functions":{"total":19,"covered":0,"skipped":0,"pct":0},"statements":{"total":62,"covered":0,"skipped":0,"pct":0},"branches":{"total":21,"covered":0,"skipped":0,"pct":0}}
,"C:\\Repos\\MrBrooksAuthServices\\src\\app\\test\\page.tsx": {"lines":{"total":11,"covered":0,"skipped":0,"pct":0},"functions":{"total":5,"covered":0,"skipped":0,"pct":0},"statements":{"total":11,"covered":0,"skipped":0,"pct":0},"branches":{"total":0,"covered":0,"skipped":0,"pct":100}}
,"C:\\Repos\\MrBrooksAuthServices\\src\\components\\admin\\AnalyticsDashboard.tsx": {"lines":{"total":62,"covered":0,"skipped":0,"pct":0},"functions":{"total":15,"covered":0,"skipped":0,"pct":0},"statements":{"total":72,"covered":0,"skipped":0,"pct":0},"branches":{"total":34,"covered":0,"skipped":0,"pct":0}}
,"C:\\Repos\\MrBrooksAuthServices\\src\\components\\admin\\ApplicationRegistrationForm.tsx": {"lines":{"total":44,"covered":0,"skipped":0,"pct":0},"functions":{"total":13,"covered":0,"skipped":0,"pct":0},"statements":{"total":50,"covered":0,"skipped":0,"pct":0},"branches":{"total":13,"covered":0,"skipped":0,"pct":0}}
,"C:\\Repos\\MrBrooksAuthServices\\src\\components\\admin\\ApplicationsList.tsx": {"lines":{"total":57,"covered":0,"skipped":0,"pct":0},"functions":{"total":17,"covered":0,"skipped":0,"pct":0},"statements":{"total":62,"covered":0,"skipped":0,"pct":0},"branches":{"total":29,"covered":0,"skipped":0,"pct":0}}
,"C:\\Repos\\MrBrooksAuthServices\\src\\components\\admin\\MembershipTierManager.tsx": {"lines":{"total":83,"covered":0,"skipped":0,"pct":0},"functions":{"total":43,"covered":0,"skipped":0,"pct":0},"statements":{"total":101,"covered":0,"skipped":0,"pct":0},"branches":{"total":45,"covered":0,"skipped":0,"pct":0}}
,"C:\\Repos\\MrBrooksAuthServices\\src\\components\\admin\\UserManager.tsx": {"lines":{"total":49,"covered":0,"skipped":0,"pct":0},"functions":{"total":14,"covered":0,"skipped":0,"pct":0},"statements":{"total":52,"covered":0,"skipped":0,"pct":0},"branches":{"total":35,"covered":0,"skipped":0,"pct":0}}
,"C:\\Repos\\MrBrooksAuthServices\\src\\components\\auth\\AuthModal.tsx": {"lines":{"total":10,"covered":10,"skipped":0,"pct":100},"functions":{"total":3,"covered":3,"skipped":0,"pct":100},"statements":{"total":11,"covered":11,"skipped":0,"pct":100},"branches":{"total":5,"covered":5,"skipped":0,"pct":100}}
,"C:\\Repos\\MrBrooksAuthServices\\src\\components\\auth\\LoginForm.tsx": {"lines":{"total":19,"covered":0,"skipped":0,"pct":0},"functions":{"total":4,"covered":0,"skipped":0,"pct":0},"statements":{"total":19,"covered":0,"skipped":0,"pct":0},"branches":{"total":9,"covered":0,"skipped":0,"pct":0}}
,"C:\\Repos\\MrBrooksAuthServices\\src\\components\\auth\\SignupForm.tsx": {"lines":{"total":33,"covered":0,"skipped":0,"pct":0},"functions":{"total":6,"covered":0,"skipped":0,"pct":0},"statements":{"total":33,"covered":0,"skipped":0,"pct":0},"branches":{"total":10,"covered":0,"skipped":0,"pct":0}}
,"C:\\Repos\\MrBrooksAuthServices\\src\\components\\auth\\UserProfile.tsx": {"lines":{"total":29,"covered":0,"skipped":0,"pct":0},"functions":{"total":7,"covered":0,"skipped":0,"pct":0},"statements":{"total":31,"covered":0,"skipped":0,"pct":0},"branches":{"total":16,"covered":0,"skipped":0,"pct":0}}
,"C:\\Repos\\MrBrooksAuthServices\\src\\contexts\\AuthContext.tsx": {"lines":{"total":75,"covered":66,"skipped":0,"pct":88},"functions":{"total":12,"covered":12,"skipped":0,"pct":100},"statements":{"total":79,"covered":70,"skipped":0,"pct":88.6},"branches":{"total":30,"covered":23,"skipped":0,"pct":76.66}}
,"C:\\Repos\\MrBrooksAuthServices\\src\\lib\\auth-client.ts": {"lines":{"total":39,"covered":36,"skipped":0,"pct":92.3},"functions":{"total":10,"covered":8,"skipped":0,"pct":80},"statements":{"total":39,"covered":36,"skipped":0,"pct":92.3},"branches":{"total":21,"covered":14,"skipped":0,"pct":66.66}}
,"C:\\Repos\\MrBrooksAuthServices\\src\\lib\\supabase.ts": {"lines":{"total":21,"covered":7,"skipped":0,"pct":33.33},"functions":{"total":3,"covered":0,"skipped":0,"pct":0},"statements":{"total":25,"covered":11,"skipped":0,"pct":44},"branches":{"total":3,"covered":0,"skipped":0,"pct":0}}
}
