{"total": {"lines":{"total":1408,"covered":223,"skipped":0,"pct":15.83},"statements":{"total":1494,"covered":231,"skipped":0,"pct":15.46},"functions":{"total":256,"covered":33,"skipped":0,"pct":12.89},"branches":{"total":687,"covered":95,"skipped":0,"pct":13.82},"branchesTrue":{"total":0,"covered":0,"skipped":0,"pct":100}}
,"C:\\Repos\\MrBrooksAuthServices\\src\\app\\ClientLayout.tsx": {"lines":{"total":2,"covered":0,"skipped":0,"pct":0},"functions":{"total":1,"covered":0,"skipped":0,"pct":0},"statements":{"total":2,"covered":0,"skipped":0,"pct":0},"branches":{"total":0,"covered":0,"skipped":0,"pct":100}}
,"C:\\Repos\\MrBrooksAuthServices\\src\\app\\page.tsx": {"lines":{"total":78,"covered":0,"skipped":0,"pct":0},"functions":{"total":9,"covered":0,"skipped":0,"pct":0},"statements":{"total":78,"covered":0,"skipped":0,"pct":0},"branches":{"total":44,"covered":0,"skipped":0,"pct":0}}
,"C:\\Repos\\MrBrooksAuthServices\\src\\app\\admin\\page.tsx": {"lines":{"total":45,"covered":0,"skipped":0,"pct":0},"functions":{"total":14,"covered":0,"skipped":0,"pct":0},"statements":{"total":49,"covered":0,"skipped":0,"pct":0},"branches":{"total":14,"covered":0,"skipped":0,"pct":0}}
,"C:\\Repos\\MrBrooksAuthServices\\src\\app\\admin-setup\\page.tsx": {"lines":{"total":25,"covered":0,"skipped":0,"pct":0},"functions":{"total":2,"covered":0,"skipped":0,"pct":0},"statements":{"total":28,"covered":0,"skipped":0,"pct":0},"branches":{"total":11,"covered":0,"skipped":0,"pct":0}}
,"C:\\Repos\\MrBrooksAuthServices\\src\\app\\admin\\applications\\[id]\\page.tsx": {"lines":{"total":47,"covered":0,"skipped":0,"pct":0},"functions":{"total":8,"covered":0,"skipped":0,"pct":0},"statements":{"total":48,"covered":0,"skipped":0,"pct":0},"branches":{"total":27,"covered":0,"skipped":0,"pct":0}}
,"C:\\Repos\\MrBrooksAuthServices\\src\\app\\api\\applications\\route.ts": {"lines":{"total":44,"covered":0,"skipped":0,"pct":0},"functions":{"total":2,"covered":0,"skipped":0,"pct":0},"statements":{"total":44,"covered":0,"skipped":0,"pct":0},"branches":{"total":21,"covered":0,"skipped":0,"pct":0}}
,"C:\\Repos\\MrBrooksAuthServices\\src\\app\\api\\applications\\[id]\\route.ts": {"lines":{"total":73,"covered":0,"skipped":0,"pct":0},"functions":{"total":3,"covered":0,"skipped":0,"pct":0},"statements":{"total":77,"covered":0,"skipped":0,"pct":0},"branches":{"total":39,"covered":0,"skipped":0,"pct":0}}
,"C:\\Repos\\MrBrooksAuthServices\\src\\app\\api\\applications\\[id]\\tiers\\route.ts": {"lines":{"total":49,"covered":0,"skipped":0,"pct":0},"functions":{"total":2,"covered":0,"skipped":0,"pct":0},"statements":{"total":49,"covered":0,"skipped":0,"pct":0},"branches":{"total":32,"covered":0,"skipped":0,"pct":0}}
,"C:\\Repos\\MrBrooksAuthServices\\src\\app\\api\\auth\\complete\\route.ts": {"lines":{"total":33,"covered":0,"skipped":0,"pct":0},"functions":{"total":1,"covered":0,"skipped":0,"pct":0},"statements":{"total":33,"covered":0,"skipped":0,"pct":0},"branches":{"total":19,"covered":0,"skipped":0,"pct":0}}
,"C:\\Repos\\MrBrooksAuthServices\\src\\app\\api\\auth\\initiate\\route.ts": {"lines":{"total":37,"covered":0,"skipped":0,"pct":0},"functions":{"total":2,"covered":0,"skipped":0,"pct":0},"statements":{"total":37,"covered":0,"skipped":0,"pct":0},"branches":{"total":28,"covered":0,"skipped":0,"pct":0}}
,"C:\\Repos\\MrBrooksAuthServices\\src\\app\\api\\auth\\verify\\route.ts": {"lines":{"total":32,"covered":0,"skipped":0,"pct":0},"functions":{"total":2,"covered":0,"skipped":0,"pct":0},"statements":{"total":32,"covered":0,"skipped":0,"pct":0},"branches":{"total":20,"covered":0,"skipped":0,"pct":0}}
,"C:\\Repos\\MrBrooksAuthServices\\src\\app\\auth-test\\page.tsx": {"lines":{"total":40,"covered":0,"skipped":0,"pct":0},"functions":{"total":8,"covered":0,"skipped":0,"pct":0},"statements":{"total":40,"covered":0,"skipped":0,"pct":0},"branches":{"total":19,"covered":0,"skipped":0,"pct":0}}
,"C:\\Repos\\MrBrooksAuthServices\\src\\app\\auth\\auth-code-error\\page.tsx": {"lines":{"total":15,"covered":0,"skipped":0,"pct":0},"functions":{"total":6,"covered":0,"skipped":0,"pct":0},"statements":{"total":16,"covered":0,"skipped":0,"pct":0},"branches":{"total":1,"covered":0,"skipped":0,"pct":0}}
,"C:\\Repos\\MrBrooksAuthServices\\src\\app\\auth\\callback\\route.ts": {"lines":{"total":128,"covered":53,"skipped":0,"pct":41.4},"functions":{"total":1,"covered":1,"skipped":0,"pct":100},"statements":{"total":128,"covered":53,"skipped":0,"pct":41.4},"branches":{"total":72,"covered":30,"skipped":0,"pct":41.66}}
,"C:\\Repos\\MrBrooksAuthServices\\src\\app\\auth\\login\\page.tsx": {"lines":{"total":61,"covered":0,"skipped":0,"pct":0},"functions":{"total":6,"covered":0,"skipped":0,"pct":0},"statements":{"total":62,"covered":0,"skipped":0,"pct":0},"branches":{"total":26,"covered":0,"skipped":0,"pct":0}}
,"C:\\Repos\\MrBrooksAuthServices\\src\\app\\dev-tools\\page.tsx": {"lines":{"total":93,"covered":0,"skipped":0,"pct":0},"functions":{"total":18,"covered":0,"skipped":0,"pct":0},"statements":{"total":100,"covered":0,"skipped":0,"pct":0},"branches":{"total":36,"covered":0,"skipped":0,"pct":0}}
,"C:\\Repos\\MrBrooksAuthServices\\src\\app\\simple-test\\page.tsx": {"lines":{"total":49,"covered":0,"skipped":0,"pct":0},"functions":{"total":19,"covered":0,"skipped":0,"pct":0},"statements":{"total":62,"covered":0,"skipped":0,"pct":0},"branches":{"total":21,"covered":0,"skipped":0,"pct":0}}
,"C:\\Repos\\MrBrooksAuthServices\\src\\app\\test\\page.tsx": {"lines":{"total":11,"covered":0,"skipped":0,"pct":0},"functions":{"total":5,"covered":0,"skipped":0,"pct":0},"statements":{"total":11,"covered":0,"skipped":0,"pct":0},"branches":{"total":0,"covered":0,"skipped":0,"pct":100}}
,"C:\\Repos\\MrBrooksAuthServices\\src\\components\\admin\\AnalyticsDashboard.tsx": {"lines":{"total":62,"covered":0,"skipped":0,"pct":0},"functions":{"total":15,"covered":0,"skipped":0,"pct":0},"statements":{"total":72,"covered":0,"skipped":0,"pct":0},"branches":{"total":34,"covered":0,"skipped":0,"pct":0}}
,"C:\\Repos\\MrBrooksAuthServices\\src\\components\\admin\\ApplicationRegistrationForm.tsx": {"lines":{"total":44,"covered":0,"skipped":0,"pct":0},"functions":{"total":13,"covered":0,"skipped":0,"pct":0},"statements":{"total":50,"covered":0,"skipped":0,"pct":0},"branches":{"total":13,"covered":0,"skipped":0,"pct":0}}
,"C:\\Repos\\MrBrooksAuthServices\\src\\components\\admin\\ApplicationsList.tsx": {"lines":{"total":57,"covered":0,"skipped":0,"pct":0},"functions":{"total":17,"covered":0,"skipped":0,"pct":0},"statements":{"total":62,"covered":0,"skipped":0,"pct":0},"branches":{"total":29,"covered":0,"skipped":0,"pct":0}}
,"C:\\Repos\\MrBrooksAuthServices\\src\\components\\admin\\MembershipTierManager.tsx": {"lines":{"total":83,"covered":0,"skipped":0,"pct":0},"functions":{"total":43,"covered":0,"skipped":0,"pct":0},"statements":{"total":101,"covered":0,"skipped":0,"pct":0},"branches":{"total":45,"covered":0,"skipped":0,"pct":0}}
,"C:\\Repos\\MrBrooksAuthServices\\src\\components\\admin\\UserManager.tsx": {"lines":{"total":49,"covered":0,"skipped":0,"pct":0},"functions":{"total":14,"covered":0,"skipped":0,"pct":0},"statements":{"total":52,"covered":0,"skipped":0,"pct":0},"branches":{"total":35,"covered":0,"skipped":0,"pct":0}}
,"C:\\Repos\\MrBrooksAuthServices\\src\\components\\auth\\AuthModal.tsx": {"lines":{"total":10,"covered":10,"skipped":0,"pct":100},"functions":{"total":3,"covered":3,"skipped":0,"pct":100},"statements":{"total":11,"covered":11,"skipped":0,"pct":100},"branches":{"total":5,"covered":5,"skipped":0,"pct":100}}
,"C:\\Repos\\MrBrooksAuthServices\\src\\components\\auth\\LoginForm.tsx": {"lines":{"total":19,"covered":19,"skipped":0,"pct":100},"functions":{"total":4,"covered":4,"skipped":0,"pct":100},"statements":{"total":19,"covered":19,"skipped":0,"pct":100},"branches":{"total":9,"covered":9,"skipped":0,"pct":100}}
,"C:\\Repos\\MrBrooksAuthServices\\src\\components\\auth\\SignupForm.tsx": {"lines":{"total":33,"covered":0,"skipped":0,"pct":0},"functions":{"total":6,"covered":0,"skipped":0,"pct":0},"statements":{"total":33,"covered":0,"skipped":0,"pct":0},"branches":{"total":10,"covered":0,"skipped":0,"pct":0}}
,"C:\\Repos\\MrBrooksAuthServices\\src\\components\\auth\\UserProfile.tsx": {"lines":{"total":29,"covered":0,"skipped":0,"pct":0},"functions":{"total":7,"covered":0,"skipped":0,"pct":0},"statements":{"total":31,"covered":0,"skipped":0,"pct":0},"branches":{"total":16,"covered":0,"skipped":0,"pct":0}}
,"C:\\Repos\\MrBrooksAuthServices\\src\\contexts\\AuthContext.tsx": {"lines":{"total":100,"covered":81,"skipped":0,"pct":81},"functions":{"total":12,"covered":12,"skipped":0,"pct":100},"statements":{"total":103,"covered":84,"skipped":0,"pct":81.55},"branches":{"total":37,"covered":28,"skipped":0,"pct":75.67}}
,"C:\\Repos\\MrBrooksAuthServices\\src\\lib\\auth-client.ts": {"lines":{"total":39,"covered":39,"skipped":0,"pct":100},"functions":{"total":10,"covered":10,"skipped":0,"pct":100},"statements":{"total":39,"covered":39,"skipped":0,"pct":100},"branches":{"total":21,"covered":20,"skipped":0,"pct":95.23}}
,"C:\\Repos\\MrBrooksAuthServices\\src\\lib\\supabase.ts": {"lines":{"total":21,"covered":21,"skipped":0,"pct":100},"functions":{"total":3,"covered":3,"skipped":0,"pct":100},"statements":{"total":25,"covered":25,"skipped":0,"pct":100},"branches":{"total":3,"covered":3,"skipped":0,"pct":100}}
}
