TN:
SF:src\app\ClientLayout.tsx
FN:5,ClientLayout
FNF:1
FNH:0
FNDA:0,ClientLayout
DA:3,0
DA:5,0
LF:2
LH:0
BRF:0
BRH:0
end_of_record
TN:
SF:src\app\page.tsx
FN:11,Home
FN:20,(anonymous_3)
FN:22,(anonymous_4)
FN:107,(anonymous_5)
FN:126,(anonymous_6)
FN:146,(anonymous_7)
FN:180,(anonymous_8)
FN:186,(anonymous_9)
FN:292,(anonymous_10)
FNF:9
FNH:0
FNDA:0,Home
FNDA:0,(anonymous_3)
FNDA:0,(anonymous_4)
FNDA:0,(anonymous_5)
FNDA:0,(anonymous_6)
FNDA:0,(anonymous_7)
FNDA:0,(anonymous_8)
FNDA:0,(anonymous_9)
FNDA:0,(anonymous_10)
DA:3,0
DA:4,0
DA:5,0
DA:6,0
DA:7,0
DA:8,0
DA:9,0
DA:11,0
DA:12,0
DA:13,0
DA:14,0
DA:15,0
DA:16,0
DA:17,0
DA:18,0
DA:20,0
DA:22,0
DA:24,0
DA:25,0
DA:26,0
DA:27,0
DA:28,0
DA:31,0
DA:32,0
DA:33,0
DA:34,0
DA:35,0
DA:36,0
DA:37,0
DA:40,0
DA:41,0
DA:42,0
DA:49,0
DA:51,0
DA:52,0
DA:57,0
DA:69,0
DA:70,0
DA:71,0
DA:72,0
DA:75,0
DA:76,0
DA:79,0
DA:90,0
DA:91,0
DA:95,0
DA:96,0
DA:97,0
DA:100,0
DA:101,0
DA:106,0
DA:107,0
DA:108,0
DA:109,0
DA:114,0
DA:115,0
DA:116,0
DA:118,0
DA:121,0
DA:122,0
DA:126,0
DA:127,0
DA:128,0
DA:129,0
DA:130,0
DA:132,0
DA:133,0
DA:136,0
DA:140,0
DA:141,0
DA:142,0
DA:146,0
DA:147,0
DA:148,0
DA:151,0
DA:180,0
DA:186,0
DA:292,0
LF:78
LH:0
BRDA:31,0,0,0
BRDA:31,1,0,0
BRDA:31,1,1,0
BRDA:33,2,0,0
BRDA:33,2,1,0
BRDA:34,3,0,0
BRDA:34,3,1,0
BRDA:35,4,0,0
BRDA:35,4,1,0
BRDA:36,5,0,0
BRDA:36,5,1,0
BRDA:40,6,0,0
BRDA:40,7,0,0
BRDA:40,7,1,0
BRDA:40,7,2,0
BRDA:62,8,0,0
BRDA:62,8,1,0
BRDA:69,9,0,0
BRDA:75,10,0,0
BRDA:75,11,0,0
BRDA:75,11,1,0
BRDA:83,12,0,0
BRDA:83,12,1,0
BRDA:84,13,0,0
BRDA:84,13,1,0
BRDA:90,14,0,0
BRDA:114,15,0,0
BRDA:114,15,1,0
BRDA:121,16,0,0
BRDA:121,16,1,0
BRDA:127,17,0,0
BRDA:127,17,1,0
BRDA:141,18,0,0
BRDA:151,19,0,0
BRDA:177,20,0,0
BRDA:196,21,0,0
BRDA:208,22,0,0
BRDA:215,23,0,0
BRDA:224,24,0,0
BRDA:232,25,0,0
BRDA:269,26,0,0
BRDA:269,26,1,0
BRDA:277,27,0,0
BRDA:277,27,1,0
BRF:44
BRH:0
end_of_record
TN:
SF:src\app\admin\page.tsx
FN:12,AdminPortal
FN:19,(anonymous_2)
FN:20,(anonymous_3)
FN:45,(anonymous_4)
FN:59,(anonymous_5)
FN:60,(anonymous_6)
FN:64,(anonymous_7)
FN:65,(anonymous_8)
FN:66,(anonymous_9)
FN:72,(anonymous_10)
FN:73,(anonymous_11)
FN:73,(anonymous_12)
FN:122,(anonymous_13)
FN:134,(anonymous_14)
FNF:14
FNH:0
FNDA:0,AdminPortal
FNDA:0,(anonymous_2)
FNDA:0,(anonymous_3)
FNDA:0,(anonymous_4)
FNDA:0,(anonymous_5)
FNDA:0,(anonymous_6)
FNDA:0,(anonymous_7)
FNDA:0,(anonymous_8)
FNDA:0,(anonymous_9)
FNDA:0,(anonymous_10)
FNDA:0,(anonymous_11)
FNDA:0,(anonymous_12)
FNDA:0,(anonymous_13)
FNDA:0,(anonymous_14)
DA:3,0
DA:4,0
DA:5,0
DA:7,0
DA:8,0
DA:12,0
DA:13,0
DA:14,0
DA:15,0
DA:16,0
DA:17,0
DA:19,0
DA:20,0
DA:21,0
DA:22,0
DA:23,0
DA:26,0
DA:27,0
DA:28,0
DA:30,0
DA:31,0
DA:34,0
DA:36,0
DA:40,0
DA:41,0
DA:45,0
DA:46,0
DA:47,0
DA:52,0
DA:53,0
DA:55,0
DA:59,0
DA:60,0
DA:61,0
DA:64,0
DA:65,0
DA:66,0
DA:67,0
DA:72,0
DA:73,0
DA:76,0
DA:87,0
DA:98,0
DA:122,0
DA:134,0
LF:45
LH:0
BRDA:21,0,0,0
BRDA:30,1,0,0
BRDA:40,2,0,0
BRDA:52,3,0,0
BRDA:53,4,0,0
BRDA:53,4,1,0
BRDA:67,5,0,0
BRDA:67,5,1,0
BRDA:76,6,0,0
BRDA:76,7,0,0
BRDA:76,7,1,0
BRDA:87,8,0,0
BRDA:98,9,0,0
BRDA:132,10,0,0
BRF:14
BRH:0
end_of_record
TN:
SF:src\app\admin-setup\page.tsx
FN:8,AdminSetup
FN:14,(anonymous_3)
FNF:2
FNH:0
FNDA:0,AdminSetup
FNDA:0,(anonymous_3)
DA:3,0
DA:4,0
DA:5,0
DA:6,0
DA:8,0
DA:9,0
DA:10,0
DA:11,0
DA:12,0
DA:14,0
DA:15,0
DA:17,0
DA:18,0
DA:20,0
DA:22,0
DA:26,0
DA:29,0
DA:36,0
DA:38,0
DA:40,0
DA:41,0
DA:43,0
DA:47,0
DA:58,0
DA:72,0
LF:25
LH:0
BRDA:15,0,0,0
BRDA:26,1,0,0
BRDA:36,2,0,0
BRDA:41,3,0,0
BRDA:41,3,1,0
BRDA:47,4,0,0
BRDA:58,5,0,0
BRDA:72,6,0,0
BRDA:119,7,0,0
BRDA:150,8,0,0
BRDA:150,8,1,0
BRF:11
BRH:0
end_of_record
TN:
SF:src\app\admin\applications\[id]\page.tsx
FN:14,ApplicationDetails
FN:21,(anonymous_3)
FN:22,(anonymous_4)
FN:47,(anonymous_5)
FN:98,(anonymous_6)
FN:113,(anonymous_7)
FN:160,(anonymous_8)
FN:163,(anonymous_9)
FNF:8
FNH:0
FNDA:0,ApplicationDetails
FNDA:0,(anonymous_3)
FNDA:0,(anonymous_4)
FNDA:0,(anonymous_5)
FNDA:0,(anonymous_6)
FNDA:0,(anonymous_7)
FNDA:0,(anonymous_8)
FNDA:0,(anonymous_9)
DA:3,0
DA:4,0
DA:5,0
DA:7,0
DA:8,0
DA:9,0
DA:10,0
DA:14,0
DA:15,0
DA:16,0
DA:17,0
DA:18,0
DA:19,0
DA:21,0
DA:22,0
DA:23,0
DA:24,0
DA:25,0
DA:28,0
DA:29,0
DA:30,0
DA:32,0
DA:33,0
DA:36,0
DA:38,0
DA:42,0
DA:43,0
DA:47,0
DA:48,0
DA:49,0
DA:55,0
DA:56,0
DA:58,0
DA:62,0
DA:73,0
DA:84,0
DA:98,0
DA:99,0
DA:101,0
DA:103,0
DA:105,0
DA:107,0
DA:109,0
DA:113,0
DA:114,0
DA:161,0
DA:163,0
LF:47
LH:0
BRDA:23,0,0,0
BRDA:32,1,0,0
BRDA:42,2,0,0
BRDA:55,3,0,0
BRDA:62,4,0,0
BRDA:62,5,0,0
BRDA:62,5,1,0
BRDA:73,6,0,0
BRDA:73,7,0,0
BRDA:73,7,1,0
BRDA:84,8,0,0
BRDA:101,9,0,0
BRDA:101,9,1,0
BRDA:101,9,2,0
BRDA:101,9,3,0
BRDA:145,10,0,0
BRDA:165,11,0,0
BRDA:165,11,1,0
BRDA:178,12,0,0
BRDA:209,13,0,0
BRDA:209,13,1,0
BRDA:215,14,0,0
BRDA:215,14,1,0
BRDA:222,15,0,0
BRDA:233,16,0,0
BRDA:239,17,0,0
BRDA:245,18,0,0
BRF:27
BRH:0
end_of_record
TN:
SF:src\app\api\applications\route.ts
FN:10,GET
FN:45,POST
FNF:2
FNH:0
FNDA:0,GET
FNDA:0,POST
DA:1,0
DA:2,0
DA:3,0
DA:10,0
DA:11,0
DA:12,0
DA:15,0
DA:16,0
DA:17,0
DA:21,0
DA:22,0
DA:23,0
DA:27,0
DA:32,0
DA:33,0
DA:34,0
DA:37,0
DA:39,0
DA:40,0
DA:45,0
DA:46,0
DA:47,0
DA:50,0
DA:51,0
DA:52,0
DA:56,0
DA:57,0
DA:58,0
DA:62,0
DA:63,0
DA:66,0
DA:67,0
DA:71,0
DA:77,0
DA:78,0
DA:82,0
DA:88,0
DA:105,0
DA:111,0
DA:112,0
DA:113,0
DA:116,0
DA:118,0
DA:119,0
LF:44
LH:0
BRDA:16,0,0,0
BRDA:16,1,0,0
BRDA:16,1,1,0
BRDA:22,2,0,0
BRDA:22,3,0,0
BRDA:22,3,1,0
BRDA:32,4,0,0
BRDA:51,5,0,0
BRDA:51,6,0,0
BRDA:51,6,1,0
BRDA:57,7,0,0
BRDA:57,8,0,0
BRDA:57,8,1,0
BRDA:63,9,0,0
BRDA:66,10,0,0
BRDA:66,11,0,0
BRDA:66,11,1,0
BRDA:77,12,0,0
BRDA:91,13,0,0
BRDA:91,13,1,0
BRDA:111,14,0,0
BRF:21
BRH:0
end_of_record
TN:
SF:src\app\api\applications\[id]\route.ts
FN:10,GET
FN:52,PUT
FN:111,DELETE
FNF:3
FNH:0
FNDA:0,GET
FNDA:0,PUT
FNDA:0,DELETE
DA:1,0
DA:2,0
DA:3,0
DA:10,0
DA:14,0
DA:15,0
DA:18,0
DA:19,0
DA:20,0
DA:24,0
DA:25,0
DA:26,0
DA:30,0
DA:36,0
DA:37,0
DA:38,0
DA:40,0
DA:41,0
DA:44,0
DA:46,0
DA:47,0
DA:52,0
DA:56,0
DA:57,0
DA:60,0
DA:61,0
DA:62,0
DA:66,0
DA:67,0
DA:68,0
DA:72,0
DA:73,0
DA:76,0
DA:77,0
DA:81,0
DA:82,0
DA:83,0
DA:84,0
DA:85,0
DA:88,0
DA:95,0
DA:96,0
DA:97,0
DA:99,0
DA:100,0
DA:103,0
DA:105,0
DA:106,0
DA:111,0
DA:115,0
DA:116,0
DA:119,0
DA:120,0
DA:121,0
DA:125,0
DA:126,0
DA:127,0
DA:131,0
DA:141,0
DA:142,0
DA:143,0
DA:145,0
DA:146,0
DA:150,0
DA:151,0
DA:152,0
DA:158,0
DA:163,0
DA:164,0
DA:165,0
DA:168,0
DA:170,0
DA:171,0
LF:73
LH:0
BRDA:19,0,0,0
BRDA:19,1,0,0
BRDA:19,1,1,0
BRDA:25,2,0,0
BRDA:25,3,0,0
BRDA:25,3,1,0
BRDA:36,4,0,0
BRDA:37,5,0,0
BRDA:61,6,0,0
BRDA:61,7,0,0
BRDA:61,7,1,0
BRDA:67,8,0,0
BRDA:67,9,0,0
BRDA:67,9,1,0
BRDA:76,10,0,0
BRDA:76,11,0,0
BRDA:76,11,1,0
BRDA:76,11,2,0
BRDA:76,11,3,0
BRDA:82,12,0,0
BRDA:83,13,0,0
BRDA:83,14,0,0
BRDA:83,14,1,0
BRDA:84,15,0,0
BRDA:85,16,0,0
BRDA:95,17,0,0
BRDA:96,18,0,0
BRDA:120,19,0,0
BRDA:120,20,0,0
BRDA:120,20,1,0
BRDA:126,21,0,0
BRDA:126,22,0,0
BRDA:126,22,1,0
BRDA:141,23,0,0
BRDA:142,24,0,0
BRDA:150,25,0,0
BRDA:150,25,1,0
BRDA:151,26,0,0
BRDA:163,27,0,0
BRF:39
BRH:0
end_of_record
TN:
SF:src\app\api\applications\[id]\tiers\route.ts
FN:10,GET
FN:66,POST
FNF:2
FNH:0
FNDA:0,GET
FNDA:0,POST
DA:1,0
DA:2,0
DA:3,0
DA:10,0
DA:14,0
DA:15,0
DA:18,0
DA:19,0
DA:20,0
DA:24,0
DA:25,0
DA:26,0
DA:30,0
DA:36,0
DA:37,0
DA:41,0
DA:50,0
DA:51,0
DA:52,0
DA:55,0
DA:60,0
DA:61,0
DA:66,0
DA:70,0
DA:71,0
DA:74,0
DA:75,0
DA:76,0
DA:80,0
DA:81,0
DA:82,0
DA:86,0
DA:92,0
DA:93,0
DA:97,0
DA:98,0
DA:101,0
DA:102,0
DA:106,0
DA:113,0
DA:114,0
DA:118,0
DA:127,0
DA:133,0
DA:134,0
DA:135,0
DA:138,0
DA:140,0
DA:141,0
LF:49
LH:0
BRDA:19,0,0,0
BRDA:19,1,0,0
BRDA:19,1,1,0
BRDA:25,2,0,0
BRDA:25,3,0,0
BRDA:25,3,1,0
BRDA:36,4,0,0
BRDA:36,5,0,0
BRDA:36,5,1,0
BRDA:50,6,0,0
BRDA:57,7,0,0
BRDA:57,7,1,0
BRDA:75,8,0,0
BRDA:75,9,0,0
BRDA:75,9,1,0
BRDA:81,10,0,0
BRDA:81,11,0,0
BRDA:81,11,1,0
BRDA:92,12,0,0
BRDA:92,13,0,0
BRDA:92,13,1,0
BRDA:101,14,0,0
BRDA:101,15,0,0
BRDA:101,15,1,0
BRDA:113,16,0,0
BRDA:122,17,0,0
BRDA:122,17,1,0
BRDA:123,18,0,0
BRDA:123,18,1,0
BRDA:124,19,0,0
BRDA:124,19,1,0
BRDA:133,20,0,0
BRF:32
BRH:0
end_of_record
TN:
SF:src\app\api\auth\complete\route.ts
FN:4,POST
FNF:1
FNH:0
FNDA:0,POST
DA:1,0
DA:2,0
DA:4,0
DA:5,0
DA:6,0
DA:8,0
DA:9,0
DA:10,0
DA:11,0
DA:14,0
DA:15,0
DA:22,0
DA:28,0
DA:33,0
DA:34,0
DA:35,0
DA:42,0
DA:43,0
DA:44,0
DA:45,0
DA:51,0
DA:52,0
DA:53,0
DA:54,0
DA:55,0
DA:56,0
DA:59,0
DA:60,0
DA:62,0
DA:63,0
DA:66,0
DA:74,0
DA:75,0
LF:33
LH:0
BRDA:10,0,0,0
BRDA:10,0,1,0
BRDA:14,1,0,0
BRDA:14,2,0,0
BRDA:14,2,1,0
BRDA:33,3,0,0
BRDA:43,4,0,0
BRDA:54,5,0,0
BRDA:54,5,1,0
BRDA:55,6,0,0
BRDA:55,6,1,0
BRDA:56,7,0,0
BRDA:56,7,1,0
BRDA:59,8,0,0
BRDA:59,9,0,0
BRDA:59,9,1,0
BRDA:62,10,0,0
BRDA:62,11,0,0
BRDA:62,11,1,0
BRF:19
BRH:0
end_of_record
TN:
SF:src\app\api\auth\initiate\route.ts
FN:5,OPTIONS
FN:16,POST
FNF:2
FNH:0
FNDA:0,OPTIONS
FNDA:0,POST
DA:1,0
DA:2,0
DA:5,0
DA:6,0
DA:16,0
DA:17,0
DA:18,0
DA:20,0
DA:21,0
DA:22,0
DA:23,0
DA:24,0
DA:25,0
DA:26,0
DA:27,0
DA:30,0
DA:31,0
DA:33,0
DA:34,0
DA:38,0
DA:39,0
DA:46,0
DA:52,0
DA:60,0
DA:61,0
DA:62,0
DA:68,0
DA:69,0
DA:71,0
DA:72,0
DA:73,0
DA:76,0
DA:77,0
DA:78,0
DA:80,0
DA:94,0
DA:95,0
LF:37
LH:0
BRDA:23,0,0,0
BRDA:23,0,1,0
BRDA:24,1,0,0
BRDA:24,1,1,0
BRDA:25,2,0,0
BRDA:25,2,1,0
BRDA:26,3,0,0
BRDA:26,3,1,0
BRDA:27,4,0,0
BRDA:27,4,1,0
BRDA:30,5,0,0
BRDA:30,6,0,0
BRDA:30,6,1,0
BRDA:33,7,0,0
BRDA:33,8,0,0
BRDA:33,8,1,0
BRDA:38,9,0,0
BRDA:38,10,0,0
BRDA:38,10,1,0
BRDA:55,11,0,0
BRDA:55,11,1,0
BRDA:56,12,0,0
BRDA:56,12,1,0
BRDA:57,13,0,0
BRDA:57,13,1,0
BRDA:60,14,0,0
BRDA:84,15,0,0
BRDA:84,15,1,0
BRF:28
BRH:0
end_of_record
TN:
SF:src\app\api\auth\verify\route.ts
FN:7,POST
FN:133,GET
FNF:2
FNH:0
FNDA:0,POST
FNDA:0,GET
DA:1,0
DA:2,0
DA:3,0
DA:7,0
DA:8,0
DA:9,0
DA:12,0
DA:13,0
DA:16,0
DA:17,0
DA:21,0
DA:28,0
DA:29,0
DA:36,0
DA:37,0
DA:47,0
DA:48,0
DA:49,0
DA:56,0
DA:62,0
DA:63,0
DA:70,0
DA:87,0
DA:88,0
DA:89,0
DA:90,0
DA:94,0
DA:122,0
DA:124,0
DA:125,0
DA:133,0
DA:134,0
LF:32
LH:0
BRDA:16,0,0,0
BRDA:28,1,0,0
BRDA:28,2,0,0
BRDA:28,2,1,0
BRDA:36,3,0,0
BRDA:48,4,0,0
BRDA:48,5,0,0
BRDA:48,5,1,0
BRDA:62,6,0,0
BRDA:88,7,0,0
BRDA:88,8,0,0
BRDA:88,8,1,0
BRDA:89,9,0,0
BRDA:89,9,1,0
BRDA:95,10,0,0
BRDA:95,10,1,0
BRDA:108,11,0,0
BRDA:108,11,1,0
BRDA:111,12,0,0
BRDA:111,12,1,0
BRF:20
BRH:0
end_of_record
TN:
SF:src\app\auth-test\page.tsx
FN:6,AuthTestPage
FN:13,(anonymous_2)
FN:49,(anonymous_3)
FN:58,(anonymous_4)
FN:85,(anonymous_5)
FN:95,(anonymous_6)
FN:114,(anonymous_7)
FN:127,(anonymous_8)
FNF:8
FNH:0
FNDA:0,AuthTestPage
FNDA:0,(anonymous_2)
FNDA:0,(anonymous_3)
FNDA:0,(anonymous_4)
FNDA:0,(anonymous_5)
FNDA:0,(anonymous_6)
FNDA:0,(anonymous_7)
FNDA:0,(anonymous_8)
DA:3,0
DA:4,0
DA:6,0
DA:7,0
DA:8,0
DA:9,0
DA:10,0
DA:11,0
DA:13,0
DA:14,0
DA:15,0
DA:16,0
DA:18,0
DA:19,0
DA:20,0
DA:25,0
DA:26,0
DA:28,0
DA:31,0
DA:36,0
DA:37,0
DA:39,0
DA:43,0
DA:46,0
DA:49,0
DA:50,0
DA:51,0
DA:52,0
DA:54,0
DA:58,0
DA:59,0
DA:60,0
DA:65,0
DA:66,0
DA:68,0
DA:71,0
DA:85,0
DA:95,0
DA:114,0
DA:127,0
LF:40
LH:0
BRDA:19,0,0,0
BRDA:19,0,1,0
BRDA:25,1,0,0
BRDA:25,1,1,0
BRDA:36,2,0,0
BRDA:36,2,1,0
BRDA:51,3,0,0
BRDA:51,3,1,0
BRDA:65,4,0,0
BRDA:65,4,1,0
BRDA:87,5,0,0
BRDA:87,5,1,0
BRDA:97,6,0,0
BRDA:97,6,1,0
BRDA:138,7,0,0
BRDA:138,7,1,0
BRDA:138,8,0,0
BRDA:138,8,1,0
BRDA:158,9,0,0
BRF:19
BRH:0
end_of_record
TN:
SF:src\app\auth\auth-code-error\page.tsx
FN:6,AuthCodeErrorPage
FN:10,(anonymous_2)
FN:11,(anonymous_3)
FN:12,(anonymous_4)
FN:22,(anonymous_5)
FN:86,(anonymous_6)
FNF:6
FNH:0
FNDA:0,AuthCodeErrorPage
FNDA:0,(anonymous_2)
FNDA:0,(anonymous_3)
FNDA:0,(anonymous_4)
FNDA:0,(anonymous_5)
FNDA:0,(anonymous_6)
DA:3,0
DA:4,0
DA:6,0
DA:7,0
DA:8,0
DA:10,0
DA:11,0
DA:12,0
DA:13,0
DA:14,0
DA:15,0
DA:16,0
DA:18,0
DA:22,0
DA:86,0
LF:15
LH:0
BRDA:13,0,0,0
BRF:1
BRH:0
end_of_record
TN:
SF:src\app\auth\callback\route.ts
FN:4,GET
FNF:1
FNH:1
FNDA:6,GET
DA:1,1
DA:2,1
DA:4,6
DA:5,6
DA:6,6
DA:7,6
DA:8,6
DA:11,6
DA:12,6
DA:13,6
DA:16,6
DA:17,6
DA:18,6
DA:19,6
DA:20,6
DA:22,6
DA:23,6
DA:24,6
DA:25,6
DA:26,6
DA:27,6
DA:28,6
DA:29,6
DA:32,6
DA:33,6
DA:34,6
DA:35,6
DA:36,6
DA:37,6
DA:40,6
DA:41,0
DA:43,0
DA:44,0
DA:47,0
DA:51,6
DA:52,0
DA:54,0
DA:56,0
DA:62,0
DA:67,0
DA:77,0
DA:78,0
DA:79,0
DA:82,0
DA:83,0
DA:86,0
DA:87,0
DA:98,0
DA:99,0
DA:104,0
DA:105,0
DA:107,0
DA:112,0
DA:113,0
DA:115,0
DA:116,0
DA:119,0
DA:120,0
DA:122,0
DA:123,0
DA:124,0
DA:126,0
DA:127,0
DA:129,0
DA:130,0
DA:131,0
DA:132,0
DA:133,0
DA:134,0
DA:137,0
DA:138,0
DA:140,0
DA:141,0
DA:145,0
DA:146,0
DA:148,0
DA:151,0
DA:156,0
DA:159,0
DA:160,0
DA:164,6
DA:165,5
DA:166,5
DA:167,5
DA:170,5
DA:176,5
DA:177,5
DA:179,4
DA:190,4
DA:191,1
DA:197,1
DA:200,3
DA:201,3
DA:204,3
DA:205,3
DA:216,3
DA:217,1
DA:222,3
DA:223,0
DA:225,0
DA:230,0
DA:231,0
DA:233,0
DA:234,0
DA:237,0
DA:238,0
DA:240,0
DA:241,0
DA:242,0
DA:243,0
DA:245,0
DA:246,0
DA:247,0
DA:248,0
DA:249,0
DA:250,0
DA:253,0
DA:254,0
DA:256,0
DA:257,0
DA:261,0
DA:262,0
DA:264,0
DA:267,0
DA:272,3
DA:275,1
DA:276,1
DA:281,1
LF:128
LH:53
BRDA:8,0,0,6
BRDA:8,0,1,5
BRDA:24,1,0,5
BRDA:24,1,1,1
BRDA:25,2,0,0
BRDA:25,2,1,6
BRDA:27,3,0,6
BRDA:27,3,1,6
BRDA:28,4,0,6
BRDA:28,4,1,6
BRDA:29,5,0,6
BRDA:29,5,1,6
BRDA:33,6,0,0
BRDA:33,6,1,6
BRDA:34,7,0,0
BRDA:34,7,1,6
BRDA:35,8,0,6
BRDA:35,8,1,6
BRDA:36,9,0,6
BRDA:36,9,1,6
BRDA:37,10,0,6
BRDA:37,10,1,6
BRDA:40,11,0,0
BRDA:43,12,0,0
BRDA:47,13,0,0
BRDA:47,13,1,0
BRDA:51,14,0,0
BRDA:51,15,0,6
BRDA:51,15,1,0
BRDA:51,15,2,0
BRDA:71,16,0,0
BRDA:71,16,1,0
BRDA:77,17,0,0
BRDA:82,18,0,0
BRDA:86,19,0,0
BRDA:91,20,0,0
BRDA:91,20,1,0
BRDA:92,21,0,0
BRDA:92,21,1,0
BRDA:98,22,0,0
BRDA:104,23,0,0
BRDA:104,24,0,0
BRDA:104,24,1,0
BRDA:112,25,0,0
BRDA:112,25,1,0
BRDA:112,26,0,0
BRDA:112,26,1,0
BRDA:112,26,2,0
BRDA:123,27,0,0
BRDA:129,28,0,0
BRDA:137,29,0,0
BRDA:140,30,0,0
BRDA:164,31,0,5
BRDA:183,32,0,1
BRDA:183,32,1,3
BRDA:190,33,0,1
BRDA:200,34,0,3
BRDA:204,35,0,3
BRDA:209,36,0,3
BRDA:209,36,1,0
BRDA:210,37,0,3
BRDA:210,37,1,1
BRDA:216,38,0,1
BRDA:222,39,0,0
BRDA:230,40,0,0
BRDA:230,40,1,0
BRDA:230,41,0,0
BRDA:230,41,1,0
BRDA:230,41,2,0
BRDA:245,42,0,0
BRDA:253,43,0,0
BRDA:256,44,0,0
BRF:72
BRH:30
end_of_record
TN:
SF:src\app\auth\login\page.tsx
FN:8,AuthLoginPage
FN:17,(anonymous_3)
FN:30,(anonymous_4)
FN:37,(anonymous_5)
FN:95,(anonymous_6)
FN:137,(anonymous_7)
FNF:6
FNH:0
FNDA:0,AuthLoginPage
FNDA:0,(anonymous_3)
FNDA:0,(anonymous_4)
FNDA:0,(anonymous_5)
FNDA:0,(anonymous_6)
FNDA:0,(anonymous_7)
DA:3,0
DA:4,0
DA:5,0
DA:6,0
DA:8,0
DA:9,0
DA:10,0
DA:11,0
DA:12,0
DA:13,0
DA:14,0
DA:15,0
DA:17,0
DA:18,0
DA:19,0
DA:21,0
DA:22,0
DA:23,0
DA:24,0
DA:26,0
DA:30,0
DA:32,0
DA:33,0
DA:37,0
DA:38,0
DA:40,0
DA:41,0
DA:52,0
DA:54,0
DA:55,0
DA:56,0
DA:57,0
DA:60,0
DA:61,0
DA:63,0
DA:64,0
DA:65,0
DA:66,0
DA:68,0
DA:69,0
DA:70,0
DA:71,0
DA:72,0
DA:73,0
DA:76,0
DA:77,0
DA:79,0
DA:80,0
DA:84,0
DA:85,0
DA:87,0
DA:90,0
DA:91,0
DA:95,0
DA:96,0
DA:98,0
DA:99,0
DA:101,0
DA:105,0
DA:118,0
DA:137,0
LF:61
LH:0
BRDA:19,0,0,0
BRDA:19,0,1,0
BRDA:21,1,0,0
BRDA:21,1,1,0
BRDA:32,2,0,0
BRDA:32,3,0,0
BRDA:32,3,1,0
BRDA:32,3,2,0
BRDA:38,4,0,0
BRDA:38,5,0,0
BRDA:38,5,1,0
BRDA:54,6,0,0
BRDA:54,6,1,0
BRDA:68,7,0,0
BRDA:76,8,0,0
BRDA:79,9,0,0
BRDA:87,10,0,0
BRDA:87,10,1,0
BRDA:98,11,0,0
BRDA:98,11,1,0
BRDA:98,12,0,0
BRDA:98,12,1,0
BRDA:105,13,0,0
BRDA:118,14,0,0
BRDA:165,15,0,0
BRDA:165,15,1,0
BRF:26
BRH:0
end_of_record
TN:
SF:src\app\dev-tools\page.tsx
FN:8,DevToolsPage
FN:16,(anonymous_2)
FN:18,(anonymous_3)
FN:27,(anonymous_4)
FN:39,(anonymous_5)
FN:42,(anonymous_6)
FN:57,(anonymous_7)
FN:58,(anonymous_8)
FN:59,(anonymous_9)
FN:69,(anonymous_10)
FN:87,(anonymous_11)
FN:88,(anonymous_12)
FN:89,(anonymous_13)
FN:99,(anonymous_14)
FN:129,(anonymous_15)
FN:176,(anonymous_16)
FN:192,(anonymous_17)
FN:233,(anonymous_18)
FNF:18
FNH:0
FNDA:0,DevToolsPage
FNDA:0,(anonymous_2)
FNDA:0,(anonymous_3)
FNDA:0,(anonymous_4)
FNDA:0,(anonymous_5)
FNDA:0,(anonymous_6)
FNDA:0,(anonymous_7)
FNDA:0,(anonymous_8)
FNDA:0,(anonymous_9)
FNDA:0,(anonymous_10)
FNDA:0,(anonymous_11)
FNDA:0,(anonymous_12)
FNDA:0,(anonymous_13)
FNDA:0,(anonymous_14)
FNDA:0,(anonymous_15)
FNDA:0,(anonymous_16)
FNDA:0,(anonymous_17)
FNDA:0,(anonymous_18)
DA:3,0
DA:5,0
DA:6,0
DA:8,0
DA:9,0
DA:10,0
DA:11,0
DA:12,0
DA:13,0
DA:14,0
DA:16,0
DA:18,0
DA:19,0
DA:20,0
DA:21,0
DA:24,0
DA:27,0
DA:28,0
DA:29,0
DA:32,0
DA:33,0
DA:34,0
DA:35,0
DA:39,0
DA:42,0
DA:43,0
DA:44,0
DA:46,0
DA:47,0
DA:49,0
DA:51,0
DA:52,0
DA:53,0
DA:55,0
DA:56,0
DA:57,0
DA:58,0
DA:59,0
DA:62,0
DA:63,0
DA:66,0
DA:69,0
DA:70,0
DA:71,0
DA:73,0
DA:74,0
DA:76,0
DA:78,0
DA:79,0
DA:80,0
DA:81,0
DA:82,0
DA:85,0
DA:86,0
DA:87,0
DA:88,0
DA:89,0
DA:92,0
DA:93,0
DA:96,0
DA:99,0
DA:100,0
DA:101,0
DA:102,0
DA:104,0
DA:105,0
DA:108,0
DA:110,0
DA:112,0
DA:113,0
DA:114,0
DA:116,0
DA:118,0
DA:121,0
DA:122,0
DA:124,0
DA:125,0
DA:129,0
DA:130,0
DA:131,0
DA:132,0
DA:133,0
DA:134,0
DA:135,0
DA:137,0
DA:138,0
DA:141,0
DA:142,0
DA:176,0
DA:192,0
DA:234,0
DA:235,0
DA:236,0
LF:93
LH:0
BRDA:20,0,0,0
BRDA:20,0,1,0
BRDA:21,1,0,0
BRDA:21,1,1,0
BRDA:28,2,0,0
BRDA:28,2,1,0
BRDA:29,3,0,0
BRDA:29,3,1,0
BRDA:32,4,0,0
BRDA:32,5,0,0
BRDA:32,5,1,0
BRDA:51,6,0,0
BRDA:51,6,1,0
BRDA:78,7,0,0
BRDA:112,8,0,0
BRDA:112,8,1,0
BRDA:133,9,0,0
BRDA:133,9,1,0
BRDA:159,10,0,0
BRDA:164,11,0,0
BRDA:201,12,0,0
BRDA:201,12,1,0
BRDA:201,12,2,0
BRDA:204,13,0,0
BRDA:204,13,1,0
BRDA:209,14,0,0
BRDA:209,14,1,0
BRDA:209,14,2,0
BRDA:212,15,0,0
BRDA:212,15,1,0
BRDA:219,16,0,0
BRDA:219,16,1,0
BRDA:219,16,2,0
BRDA:222,17,0,0
BRDA:222,17,1,0
BRDA:244,18,0,0
BRF:36
BRH:0
end_of_record
TN:
SF:src\app\simple-test\page.tsx
FN:6,SimpleTestPage
FN:12,(anonymous_2)
FN:25,(anonymous_3)
FN:26,(anonymous_4)
FN:27,(anonymous_5)
FN:28,(anonymous_6)
FN:29,(anonymous_7)
FN:35,(anonymous_8)
FN:36,(anonymous_9)
FN:37,(anonymous_10)
FN:46,(anonymous_11)
FN:65,(anonymous_12)
FN:66,(anonymous_13)
FN:67,(anonymous_14)
FN:68,(anonymous_15)
FN:69,(anonymous_16)
FN:78,(anonymous_17)
FN:102,(anonymous_18)
FN:115,(anonymous_19)
FNF:19
FNH:0
FNDA:0,SimpleTestPage
FNDA:0,(anonymous_2)
FNDA:0,(anonymous_3)
FNDA:0,(anonymous_4)
FNDA:0,(anonymous_5)
FNDA:0,(anonymous_6)
FNDA:0,(anonymous_7)
FNDA:0,(anonymous_8)
FNDA:0,(anonymous_9)
FNDA:0,(anonymous_10)
FNDA:0,(anonymous_11)
FNDA:0,(anonymous_12)
FNDA:0,(anonymous_13)
FNDA:0,(anonymous_14)
FNDA:0,(anonymous_15)
FNDA:0,(anonymous_16)
FNDA:0,(anonymous_17)
FNDA:0,(anonymous_18)
FNDA:0,(anonymous_19)
DA:3,0
DA:4,0
DA:6,0
DA:7,0
DA:8,0
DA:9,0
DA:10,0
DA:12,0
DA:13,0
DA:14,0
DA:16,0
DA:17,0
DA:22,0
DA:23,0
DA:24,0
DA:25,0
DA:26,0
DA:27,0
DA:28,0
DA:29,0
DA:31,0
DA:34,0
DA:35,0
DA:36,0
DA:37,0
DA:40,0
DA:43,0
DA:46,0
DA:47,0
DA:48,0
DA:50,0
DA:51,0
DA:61,0
DA:62,0
DA:64,0
DA:65,0
DA:66,0
DA:67,0
DA:68,0
DA:69,0
DA:72,0
DA:75,0
DA:78,0
DA:79,0
DA:80,0
DA:81,0
DA:83,0
DA:102,0
DA:115,0
LF:49
LH:0
BRDA:22,0,0,0
BRDA:22,0,1,0
BRDA:23,1,0,0
BRDA:23,1,1,0
BRDA:37,2,0,0
BRDA:37,2,1,0
BRDA:61,3,0,0
BRDA:61,3,1,0
BRDA:80,4,0,0
BRDA:80,4,1,0
BRDA:124,5,0,0
BRDA:124,5,1,0
BRDA:124,5,2,0
BRDA:127,6,0,0
BRDA:127,6,1,0
BRDA:132,7,0,0
BRDA:132,7,1,0
BRDA:132,7,2,0
BRDA:135,8,0,0
BRDA:135,8,1,0
BRDA:146,9,0,0
BRF:21
BRH:0
end_of_record
TN:
SF:src\app\test\page.tsx
FN:6,TestPage
FN:10,(anonymous_3)
FN:25,(anonymous_4)
FN:32,(anonymous_5)
FN:43,(anonymous_6)
FNF:5
FNH:0
FNDA:0,TestPage
FNDA:0,(anonymous_3)
FNDA:0,(anonymous_4)
FNDA:0,(anonymous_5)
FNDA:0,(anonymous_6)
DA:3,0
DA:4,0
DA:6,0
DA:7,0
DA:8,0
DA:10,0
DA:11,0
DA:12,0
DA:25,0
DA:32,0
DA:43,0
LF:11
LH:0
BRF:0
BRH:0
end_of_record
TN:
SF:src\components\admin\AnalyticsDashboard.tsx
FN:22,AnalyticsDashboard
FN:28,(anonymous_2)
FN:32,(anonymous_3)
FN:50,(anonymous_4)
FN:62,(anonymous_5)
FN:98,(anonymous_6)
FN:103,(anonymous_7)
FN:117,(anonymous_8)
FN:121,(anonymous_9)
FN:142,(anonymous_10)
FN:201,(anonymous_11)
FN:295,(anonymous_12)
FN:303,(anonymous_13)
FN:322,(anonymous_14)
FN:334,(anonymous_15)
FNF:15
FNH:0
FNDA:0,AnalyticsDashboard
FNDA:0,(anonymous_2)
FNDA:0,(anonymous_3)
FNDA:0,(anonymous_4)
FNDA:0,(anonymous_5)
FNDA:0,(anonymous_6)
FNDA:0,(anonymous_7)
FNDA:0,(anonymous_8)
FNDA:0,(anonymous_9)
FNDA:0,(anonymous_10)
FNDA:0,(anonymous_11)
FNDA:0,(anonymous_12)
FNDA:0,(anonymous_13)
FNDA:0,(anonymous_14)
FNDA:0,(anonymous_15)
DA:3,0
DA:4,0
DA:22,0
DA:23,0
DA:24,0
DA:25,0
DA:26,0
DA:28,0
DA:29,0
DA:32,0
DA:33,0
DA:34,0
DA:35,0
DA:38,0
DA:39,0
DA:40,0
DA:43,0
DA:48,0
DA:50,0
DA:51,0
DA:54,0
DA:60,0
DA:62,0
DA:63,0
DA:66,0
DA:71,0
DA:73,0
DA:76,0
DA:82,0
DA:84,0
DA:87,0
DA:95,0
DA:97,0
DA:98,0
DA:99,0
DA:100,0
DA:103,0
DA:109,0
DA:114,0
DA:116,0
DA:117,0
DA:118,0
DA:121,0
DA:126,0
DA:135,0
DA:136,0
DA:138,0
DA:142,0
DA:143,0
DA:145,0
DA:147,0
DA:149,0
DA:151,0
DA:153,0
DA:157,0
DA:166,0
DA:183,0
DA:201,0
DA:296,0
DA:303,0
DA:323,0
DA:334,0
LF:62
LH:0
BRDA:39,0,0,0
BRDA:39,0,1,0
BRDA:39,1,0,0
BRDA:39,1,1,0
BRDA:48,2,0,0
BRDA:50,3,0,0
BRDA:50,3,1,0
BRDA:60,4,0,0
BRDA:62,5,0,0
BRDA:62,5,1,0
BRDA:71,6,0,0
BRDA:73,7,0,0
BRDA:73,7,1,0
BRDA:82,8,0,0
BRDA:84,9,0,0
BRDA:84,9,1,0
BRDA:95,10,0,0
BRDA:99,11,0,0
BRDA:99,11,1,0
BRDA:100,12,0,0
BRDA:100,12,1,0
BRDA:114,13,0,0
BRDA:118,14,0,0
BRDA:118,14,1,0
BRDA:143,15,0,0
BRDA:143,15,1,0
BRDA:143,15,2,0
BRDA:143,15,3,0
BRDA:143,15,4,0
BRDA:157,16,0,0
BRDA:166,17,0,0
BRDA:183,18,0,0
BRDA:292,19,0,0
BRDA:319,20,0,0
BRF:34
BRH:0
end_of_record
TN:
SF:src\components\admin\ApplicationRegistrationForm.tsx
FN:15,ApplicationRegistrationForm
FN:28,(anonymous_2)
FN:37,(anonymous_3)
FN:38,(anonymous_4)
FN:45,(anonymous_5)
FN:61,(anonymous_6)
FN:151,(anonymous_7)
FN:166,(anonymous_8)
FN:166,(anonymous_9)
FN:185,(anonymous_10)
FN:185,(anonymous_11)
FN:198,(anonymous_12)
FN:198,(anonymous_13)
FNF:13
FNH:0
FNDA:0,ApplicationRegistrationForm
FNDA:0,(anonymous_2)
FNDA:0,(anonymous_3)
FNDA:0,(anonymous_4)
FNDA:0,(anonymous_5)
FNDA:0,(anonymous_6)
FNDA:0,(anonymous_7)
FNDA:0,(anonymous_8)
FNDA:0,(anonymous_9)
FNDA:0,(anonymous_10)
FNDA:0,(anonymous_11)
FNDA:0,(anonymous_12)
FNDA:0,(anonymous_13)
DA:3,0
DA:4,0
DA:15,0
DA:19,0
DA:25,0
DA:26,0
DA:28,0
DA:29,0
DA:37,0
DA:38,0
DA:45,0
DA:46,0
DA:47,0
DA:48,0
DA:50,0
DA:51,0
DA:52,0
DA:54,0
DA:55,0
DA:56,0
DA:58,0
DA:61,0
DA:62,0
DA:63,0
DA:65,0
DA:67,0
DA:69,0
DA:71,0
DA:77,0
DA:78,0
DA:79,0
DA:80,0
DA:84,0
DA:89,0
DA:106,0
DA:112,0
DA:114,0
DA:116,0
DA:117,0
DA:119,0
DA:151,0
DA:166,0
DA:185,0
DA:198,0
LF:44
LH:0
BRDA:46,0,0,0
BRDA:50,1,0,0
BRDA:54,2,0,0
BRDA:65,3,0,0
BRDA:77,4,0,0
BRDA:92,5,0,0
BRDA:92,5,1,0
BRDA:112,6,0,0
BRDA:117,7,0,0
BRDA:117,7,1,0
BRDA:128,8,0,0
BRDA:220,9,0,0
BRDA:220,9,1,0
BRF:13
BRH:0
end_of_record
TN:
SF:src\components\admin\ApplicationsList.tsx
FN:16,ApplicationsList
FN:26,(anonymous_3)
FN:36,(anonymous_4)
FN:42,(anonymous_5)
FN:71,(anonymous_6)
FN:96,(anonymous_7)
FN:111,(anonymous_8)
FN:152,(anonymous_9)
FN:161,(anonymous_10)
FN:161,(anonymous_11)
FN:170,(anonymous_12)
FN:170,(anonymous_13)
FN:178,(anonymous_14)
FN:178,(anonymous_15)
FN:194,(anonymous_16)
FN:248,(anonymous_17)
FN:254,(anonymous_18)
FNF:17
FNH:0
FNDA:0,ApplicationsList
FNDA:0,(anonymous_3)
FNDA:0,(anonymous_4)
FNDA:0,(anonymous_5)
FNDA:0,(anonymous_6)
FNDA:0,(anonymous_7)
FNDA:0,(anonymous_8)
FNDA:0,(anonymous_9)
FNDA:0,(anonymous_10)
FNDA:0,(anonymous_11)
FNDA:0,(anonymous_12)
FNDA:0,(anonymous_13)
FNDA:0,(anonymous_14)
FNDA:0,(anonymous_15)
FNDA:0,(anonymous_16)
FNDA:0,(anonymous_17)
FNDA:0,(anonymous_18)
DA:3,0
DA:4,0
DA:6,0
DA:16,0
DA:21,0
DA:22,0
DA:23,0
DA:24,0
DA:26,0
DA:27,0
DA:28,0
DA:33,0
DA:36,0
DA:37,0
DA:38,0
DA:39,0
DA:42,0
DA:43,0
DA:44,0
DA:46,0
DA:47,0
DA:58,0
DA:60,0
DA:61,0
DA:62,0
DA:64,0
DA:65,0
DA:67,0
DA:71,0
DA:72,0
DA:73,0
DA:76,0
DA:77,0
DA:79,0
DA:80,0
DA:85,0
DA:87,0
DA:89,0
DA:90,0
DA:92,0
DA:96,0
DA:97,0
DA:99,0
DA:101,0
DA:103,0
DA:105,0
DA:107,0
DA:111,0
DA:112,0
DA:121,0
DA:153,0
DA:161,0
DA:170,0
DA:178,0
DA:194,0
DA:248,0
DA:254,0
LF:57
LH:0
BRDA:58,0,0,0
BRDA:65,1,0,0
BRDA:65,1,1,0
BRDA:72,2,0,0
BRDA:85,3,0,0
BRDA:90,4,0,0
BRDA:90,4,1,0
BRDA:99,5,0,0
BRDA:99,5,1,0
BRDA:99,5,2,0
BRDA:99,5,3,0
BRDA:121,6,0,0
BRDA:135,7,0,0
BRDA:155,8,0,0
BRDA:160,9,0,0
BRDA:160,9,1,0
BRDA:169,10,0,0
BRDA:169,10,1,0
BRDA:177,11,0,0
BRDA:177,11,1,0
BRDA:198,12,0,0
BRDA:198,12,1,0
BRDA:213,13,0,0
BRDA:226,14,0,0
BRDA:226,14,1,0
BRDA:232,15,0,0
BRDA:232,15,1,0
BRDA:258,16,0,0
BRDA:258,16,1,0
BRF:29
BRH:0
end_of_record
TN:
SF:src\components\admin\MembershipTierManager.tsx
FN:22,MembershipTierManager
FN:37,(anonymous_2)
FN:41,(anonymous_3)
FN:59,(anonymous_4)
FN:68,(anonymous_5)
FN:69,(anonymous_6)
FN:76,(anonymous_7)
FN:77,(anonymous_8)
FN:83,(anonymous_9)
FN:84,(anonymous_10)
FN:86,(anonymous_11)
FN:90,(anonymous_12)
FN:91,(anonymous_13)
FN:93,(anonymous_14)
FN:97,(anonymous_15)
FN:110,(anonymous_16)
FN:121,(anonymous_17)
FN:121,(anonymous_18)
FN:135,(anonymous_19)
FN:135,(anonymous_20)
FN:149,(anonymous_21)
FN:149,(anonymous_22)
FN:161,(anonymous_23)
FN:167,(anonymous_24)
FN:173,(anonymous_25)
FN:186,(anonymous_26)
FN:186,(anonymous_27)
FN:210,(anonymous_28)
FN:245,(anonymous_29)
FN:257,(anonymous_30)
FN:257,(anonymous_31)
FN:270,(anonymous_32)
FN:270,(anonymous_33)
FN:283,(anonymous_34)
FN:283,(anonymous_35)
FN:301,(anonymous_36)
FN:306,(anonymous_37)
FN:312,(anonymous_38)
FN:353,(anonymous_39)
FN:374,(anonymous_40)
FN:375,(anonymous_41)
FN:384,(anonymous_42)
FN:390,(anonymous_43)
FNF:43
FNH:0
FNDA:0,MembershipTierManager
FNDA:0,(anonymous_2)
FNDA:0,(anonymous_3)
FNDA:0,(anonymous_4)
FNDA:0,(anonymous_5)
FNDA:0,(anonymous_6)
FNDA:0,(anonymous_7)
FNDA:0,(anonymous_8)
FNDA:0,(anonymous_9)
FNDA:0,(anonymous_10)
FNDA:0,(anonymous_11)
FNDA:0,(anonymous_12)
FNDA:0,(anonymous_13)
FNDA:0,(anonymous_14)
FNDA:0,(anonymous_15)
FNDA:0,(anonymous_16)
FNDA:0,(anonymous_17)
FNDA:0,(anonymous_18)
FNDA:0,(anonymous_19)
FNDA:0,(anonymous_20)
FNDA:0,(anonymous_21)
FNDA:0,(anonymous_22)
FNDA:0,(anonymous_23)
FNDA:0,(anonymous_24)
FNDA:0,(anonymous_25)
FNDA:0,(anonymous_26)
FNDA:0,(anonymous_27)
FNDA:0,(anonymous_28)
FNDA:0,(anonymous_29)
FNDA:0,(anonymous_30)
FNDA:0,(anonymous_31)
FNDA:0,(anonymous_32)
FNDA:0,(anonymous_33)
FNDA:0,(anonymous_34)
FNDA:0,(anonymous_35)
FNDA:0,(anonymous_36)
FNDA:0,(anonymous_37)
FNDA:0,(anonymous_38)
FNDA:0,(anonymous_39)
FNDA:0,(anonymous_40)
FNDA:0,(anonymous_41)
FNDA:0,(anonymous_42)
FNDA:0,(anonymous_43)
DA:3,0
DA:4,0
DA:22,0
DA:23,0
DA:24,0
DA:25,0
DA:26,0
DA:27,0
DA:34,0
DA:35,0
DA:37,0
DA:38,0
DA:41,0
DA:42,0
DA:43,0
DA:49,0
DA:50,0
DA:52,0
DA:53,0
DA:55,0
DA:59,0
DA:60,0
DA:68,0
DA:69,0
DA:76,0
DA:77,0
DA:83,0
DA:84,0
DA:86,0
DA:90,0
DA:91,0
DA:93,0
DA:97,0
DA:98,0
DA:105,0
DA:106,0
DA:107,0
DA:110,0
DA:111,0
DA:112,0
DA:113,0
DA:115,0
DA:116,0
DA:121,0
DA:124,0
DA:126,0
DA:133,0
DA:135,0
DA:138,0
DA:147,0
DA:149,0
DA:152,0
DA:154,0
DA:155,0
DA:157,0
DA:161,0
DA:162,0
DA:167,0
DA:169,0
DA:170,0
DA:173,0
DA:174,0
DA:175,0
DA:178,0
DA:179,0
DA:184,0
DA:186,0
DA:188,0
DA:189,0
DA:193,0
DA:210,0
DA:245,0
DA:257,0
DA:270,0
DA:283,0
DA:302,0
DA:306,0
DA:312,0
DA:354,0
DA:374,0
DA:376,0
DA:384,0
DA:390,0
LF:83
LH:0
BRDA:49,0,0,0
BRDA:50,1,0,0
BRDA:50,1,1,0
BRDA:86,2,0,0
BRDA:86,2,1,0
BRDA:119,3,0,0
BRDA:119,3,1,0
BRDA:121,4,0,0
BRDA:121,4,1,0
BRDA:124,5,0,0
BRDA:124,5,1,0
BRDA:133,6,0,0
BRDA:135,7,0,0
BRDA:135,7,1,0
BRDA:147,8,0,0
BRDA:149,9,0,0
BRDA:149,9,1,0
BRDA:149,10,0,0
BRDA:149,10,1,0
BRDA:165,11,0,0
BRDA:165,11,1,0
BRDA:166,12,0,0
BRDA:166,12,1,0
BRDA:167,13,0,0
BRDA:167,13,1,0
BRDA:174,14,0,0
BRDA:184,15,0,0
BRDA:193,16,0,0
BRDA:217,17,0,0
BRDA:232,18,0,0
BRDA:235,19,0,0
BRDA:235,19,1,0
BRDA:270,20,0,0
BRDA:270,20,1,0
BRDA:335,21,0,0
BRDA:335,21,1,0
BRDA:335,22,0,0
BRDA:335,22,1,0
BRDA:343,23,0,0
BRDA:360,24,0,0
BRDA:360,24,1,0
BRDA:366,25,0,0
BRDA:369,26,0,0
BRDA:369,26,1,0
BRDA:369,26,2,0
BRF:45
BRH:0
end_of_record
TN:
SF:src\components\admin\UserManager.tsx
FN:22,UserManager
FN:29,(anonymous_2)
FN:33,(anonymous_3)
FN:61,(anonymous_4)
FN:78,(anonymous_5)
FN:84,(anonymous_6)
FN:91,(anonymous_7)
FN:108,(anonymous_8)
FN:160,(anonymous_9)
FN:167,(anonymous_10)
FN:193,(anonymous_11)
FN:223,(anonymous_12)
FN:242,(anonymous_13)
FN:249,(anonymous_14)
FNF:14
FNH:0
FNDA:0,UserManager
FNDA:0,(anonymous_2)
FNDA:0,(anonymous_3)
FNDA:0,(anonymous_4)
FNDA:0,(anonymous_5)
FNDA:0,(anonymous_6)
FNDA:0,(anonymous_7)
FNDA:0,(anonymous_8)
FNDA:0,(anonymous_9)
FNDA:0,(anonymous_10)
FNDA:0,(anonymous_11)
FNDA:0,(anonymous_12)
FNDA:0,(anonymous_13)
FNDA:0,(anonymous_14)
DA:3,0
DA:4,0
DA:22,0
DA:23,0
DA:24,0
DA:25,0
DA:26,0
DA:27,0
DA:29,0
DA:30,0
DA:33,0
DA:34,0
DA:35,0
DA:38,0
DA:50,0
DA:52,0
DA:54,0
DA:55,0
DA:57,0
DA:61,0
DA:62,0
DA:63,0
DA:68,0
DA:71,0
DA:73,0
DA:74,0
DA:78,0
DA:79,0
DA:83,0
DA:85,0
DA:88,0
DA:91,0
DA:92,0
DA:94,0
DA:96,0
DA:98,0
DA:100,0
DA:102,0
DA:104,0
DA:108,0
DA:109,0
DA:110,0
DA:117,0
DA:160,0
DA:167,0
DA:194,0
DA:224,0
DA:242,0
DA:249,0
LF:49
LH:0
BRDA:50,0,0,0
BRDA:52,1,0,0
BRDA:52,1,1,0
BRDA:68,2,0,0
BRDA:79,3,0,0
BRDA:79,3,1,0
BRDA:79,3,2,0
BRDA:83,4,0,0
BRDA:83,4,1,0
BRDA:85,5,0,0
BRDA:85,5,1,0
BRDA:88,6,0,0
BRDA:88,6,1,0
BRDA:94,7,0,0
BRDA:94,7,1,0
BRDA:94,7,2,0
BRDA:94,7,3,0
BRDA:94,7,4,0
BRDA:109,8,0,0
BRDA:117,9,0,0
BRDA:134,10,0,0
BRDA:134,10,1,0
BRDA:138,11,0,0
BRDA:178,12,0,0
BRDA:184,13,0,0
BRDA:184,13,1,0
BRDA:184,14,0,0
BRDA:184,14,1,0
BRDA:200,15,0,0
BRDA:203,16,0,0
BRDA:203,16,1,0
BRDA:215,17,0,0
BRDA:215,17,1,0
BRDA:228,18,0,0
BRDA:241,19,0,0
BRF:35
BRH:0
end_of_record
TN:
SF:src\components\auth\AuthModal.tsx
FN:14,AuthModal
FN:19,(anonymous_3)
FN:23,(anonymous_4)
FNF:3
FNH:3
FNDA:23,AuthModal
FNDA:2,(anonymous_3)
FNDA:4,(anonymous_4)
DA:3,1
DA:4,1
DA:5,1
DA:14,19
DA:15,23
DA:17,23
DA:19,21
DA:20,2
DA:23,21
DA:24,4
LF:10
LH:10
BRDA:14,0,0,1
BRDA:17,1,0,2
BRDA:24,2,0,3
BRDA:24,2,1,1
BRDA:40,3,0,13
BRF:5
BRH:5
end_of_record
TN:
SF:src\components\auth\LoginForm.tsx
FN:12,LoginForm
FN:19,(anonymous_2)
FN:54,(anonymous_3)
FN:70,(anonymous_4)
FNF:4
FNH:4
FNDA:565,LoginForm
FNDA:16,(anonymous_2)
FNDA:292,(anonymous_3)
FNDA:208,(anonymous_4)
DA:3,1
DA:4,1
DA:12,33
DA:13,565
DA:14,565
DA:15,565
DA:16,565
DA:17,565
DA:19,565
DA:20,16
DA:21,16
DA:22,16
DA:24,16
DA:26,16
DA:27,8
DA:29,8
DA:32,16
DA:54,292
DA:70,208
LF:19
LH:19
BRDA:26,0,0,8
BRDA:26,0,1,8
BRDA:76,1,0,565
BRDA:86,2,0,1
BRDA:86,2,1,22
BRDA:90,3,0,1
BRDA:106,4,0,16
BRDA:106,4,1,549
BRDA:111,5,0,565
BRF:9
BRH:9
end_of_record
TN:
SF:src\components\auth\SignupForm.tsx
FN:12,SignupForm
FN:22,(anonymous_2)
FN:116,(anonymous_3)
FN:132,(anonymous_4)
FN:148,(anonymous_5)
FN:164,(anonymous_6)
FNF:6
FNH:0
FNDA:0,SignupForm
FNDA:0,(anonymous_2)
FNDA:0,(anonymous_3)
FNDA:0,(anonymous_4)
FNDA:0,(anonymous_5)
FNDA:0,(anonymous_6)
DA:3,0
DA:4,0
DA:12,0
DA:13,0
DA:14,0
DA:15,0
DA:16,0
DA:17,0
DA:18,0
DA:19,0
DA:20,0
DA:22,0
DA:23,0
DA:24,0
DA:25,0
DA:28,0
DA:29,0
DA:30,0
DA:31,0
DA:35,0
DA:36,0
DA:37,0
DA:38,0
DA:41,0
DA:43,0
DA:44,0
DA:46,0
DA:50,0
DA:53,0
DA:116,0
DA:132,0
DA:148,0
DA:164,0
LF:33
LH:0
BRDA:28,0,0,0
BRDA:35,1,0,0
BRDA:43,2,0,0
BRDA:43,2,1,0
BRDA:53,3,0,0
BRDA:82,4,0,0
BRDA:170,5,0,0
BRDA:182,6,0,0
BRDA:182,6,1,0
BRDA:187,7,0,0
BRF:10
BRH:0
end_of_record
TN:
SF:src\components\auth\UserProfile.tsx
FN:6,UserProfile
FN:16,(anonymous_2)
FN:28,(anonymous_3)
FN:34,(anonymous_4)
FN:40,(anonymous_5)
FN:87,(anonymous_6)
FN:114,(anonymous_7)
FNF:7
FNH:0
FNDA:0,UserProfile
FNDA:0,(anonymous_2)
FNDA:0,(anonymous_3)
FNDA:0,(anonymous_4)
FNDA:0,(anonymous_5)
FNDA:0,(anonymous_6)
FNDA:0,(anonymous_7)
DA:3,0
DA:4,0
DA:6,0
DA:7,0
DA:8,0
DA:9,0
DA:10,0
DA:11,0
DA:12,0
DA:14,0
DA:16,0
DA:17,0
DA:18,0
DA:19,0
DA:21,0
DA:23,0
DA:24,0
DA:26,0
DA:27,0
DA:28,0
DA:31,0
DA:34,0
DA:35,0
DA:36,0
DA:37,0
DA:40,0
DA:41,0
DA:87,0
DA:114,0
LF:29
LH:0
BRDA:9,0,0,0
BRDA:9,0,1,0
BRDA:14,1,0,0
BRDA:14,2,0,0
BRDA:14,2,1,0
BRDA:23,3,0,0
BRDA:23,3,1,0
BRDA:35,4,0,0
BRDA:35,4,1,0
BRDA:56,5,0,0
BRDA:62,6,0,0
BRDA:83,7,0,0
BRDA:97,8,0,0
BRDA:97,8,1,0
BRDA:111,9,0,0
BRDA:111,9,1,0
BRF:16
BRH:0
end_of_record
TN:
SF:src\contexts\AuthContext.tsx
FN:30,AuthProvider
FN:36,(anonymous_7)
FN:38,(anonymous_8)
FN:82,(anonymous_9)
FN:106,(anonymous_10)
FN:109,(anonymous_11)
FN:128,(anonymous_12)
FN:203,(anonymous_13)
FN:215,(anonymous_14)
FN:224,(anonymous_15)
FN:234,(anonymous_16)
FN:261,useAuth
FNF:12
FNH:12
FNDA:26,AuthProvider
FNDA:12,(anonymous_7)
FNDA:12,(anonymous_8)
FNDA:1,(anonymous_9)
FNDA:12,(anonymous_10)
FNDA:4,(anonymous_11)
FNDA:2,(anonymous_12)
FNDA:2,(anonymous_13)
FNDA:1,(anonymous_14)
FNDA:2,(anonymous_15)
FNDA:1,(anonymous_16)
FNDA:31,useAuth
DA:3,1
DA:5,1
DA:28,1
DA:30,12
DA:31,26
DA:32,26
DA:33,26
DA:34,26
DA:36,26
DA:38,12
DA:39,12
DA:40,12
DA:41,12
DA:43,12
DA:54,12
DA:55,1
DA:57,11
DA:60,12
DA:61,12
DA:63,12
DA:64,3
DA:65,3
DA:67,9
DA:70,12
DA:71,12
DA:73,0
DA:74,0
DA:78,12
DA:81,12
DA:83,1
DA:90,1
DA:91,1
DA:93,1
DA:94,1
DA:95,1
DA:97,0
DA:98,0
DA:101,1
DA:102,1
DA:106,12
DA:109,26
DA:110,4
DA:111,4
DA:117,4
DA:118,1
DA:119,1
DA:122,3
DA:124,0
DA:128,26
DA:129,2
DA:131,2
DA:132,2
DA:133,2
DA:135,2
DA:136,0
DA:137,0
DA:138,0
DA:139,0
DA:140,0
DA:143,0
DA:144,0
DA:146,0
DA:147,0
DA:150,2
DA:153,2
DA:155,2
DA:166,2
DA:177,2
DA:178,1
DA:179,1
DA:183,1
DA:184,1
DA:192,1
DA:193,0
DA:197,1
DA:199,0
DA:203,26
DA:204,2
DA:205,2
DA:209,2
DA:211,0
DA:215,26
DA:216,1
DA:217,1
DA:218,1
DA:220,0
DA:224,26
DA:225,2
DA:227,1
DA:228,1
DA:233,1
DA:234,1
DA:237,1
DA:239,0
DA:243,26
DA:261,31
DA:262,31
DA:263,30
DA:264,4
DA:266,26
LF:100
LH:81
BRDA:47,0,0,1
BRDA:47,0,1,11
BRDA:54,1,0,1
BRDA:54,1,1,11
BRDA:57,2,0,3
BRDA:57,2,1,8
BRDA:61,3,0,12
BRDA:61,3,1,9
BRDA:63,4,0,3
BRDA:63,4,1,9
BRDA:91,5,0,1
BRDA:91,5,1,0
BRDA:93,6,0,1
BRDA:93,6,1,0
BRDA:117,7,0,1
BRDA:117,8,0,4
BRDA:117,8,1,1
BRDA:135,9,0,0
BRDA:135,9,1,2
BRDA:143,10,0,0
BRDA:146,11,0,0
BRDA:171,12,0,1
BRDA:171,12,1,1
BRDA:177,13,0,1
BRDA:183,14,0,1
BRDA:183,15,0,1
BRDA:183,15,1,1
BRDA:188,16,0,1
BRDA:188,16,1,0
BRDA:189,17,0,1
BRDA:189,17,1,0
BRDA:192,18,0,0
BRDA:225,19,0,1
BRDA:233,20,0,1
BRDA:234,21,0,1
BRDA:234,21,1,0
BRDA:263,22,0,4
BRF:37
BRH:28
end_of_record
TN:
SF:src\lib\auth-client.ts
FN:47,(anonymous_5)
FN:55,(anonymous_6)
FN:92,(anonymous_7)
FN:100,(anonymous_8)
FN:108,(anonymous_9)
FN:130,createAuthMiddleware
FN:131,(anonymous_11)
FN:167,createUseAuth
FN:168,useAuth
FN:184,createAuthClient
FNF:10
FNH:10
FNDA:39,(anonymous_5)
FNDA:22,(anonymous_6)
FNDA:5,(anonymous_7)
FNDA:5,(anonymous_8)
FNDA:5,(anonymous_9)
FNDA:13,createAuthMiddleware
FNDA:13,(anonymous_11)
FNDA:2,createUseAuth
FNDA:2,useAuth
FNDA:1,createAuthClient
DA:43,39
DA:49,39
DA:56,22
DA:57,22
DA:69,18
DA:71,17
DA:72,4
DA:79,13
DA:81,5
DA:93,5
DA:94,5
DA:101,5
DA:102,5
DA:109,5
DA:110,5
DA:111,4
DA:112,4
DA:118,1
DA:130,13
DA:131,13
DA:132,13
DA:134,13
DA:135,13
DA:137,13
DA:138,5
DA:142,8
DA:144,6
DA:145,2
DA:152,4
DA:153,4
DA:154,4
DA:156,4
DA:158,2
DA:159,2
DA:167,2
DA:168,2
DA:171,2
DA:184,1
DA:185,1
LF:39
LH:39
BRDA:71,0,0,4
BRDA:74,1,0,4
BRDA:74,1,1,3
BRDA:75,2,0,4
BRDA:75,2,1,0
BRDA:84,3,0,4
BRDA:84,3,1,1
BRDA:102,4,0,5
BRDA:102,4,1,3
BRDA:113,5,0,4
BRDA:113,5,1,1
BRDA:114,6,0,4
BRDA:114,6,1,2
BRDA:115,7,0,4
BRDA:115,7,1,3
BRDA:135,8,0,8
BRDA:135,8,1,5
BRDA:137,9,0,5
BRDA:144,10,0,2
BRDA:146,11,0,2
BRDA:146,11,1,1
BRF:21
BRH:20
end_of_record
TN:
SF:src\lib\supabase.ts
FN:15,(anonymous_5)
FN:27,(anonymous_6)
FN:39,(anonymous_7)
FNF:3
FNH:3
FNDA:10,(anonymous_5)
FNDA:111,(anonymous_6)
FNDA:16,(anonymous_7)
DA:1,2
DA:3,2
DA:4,2
DA:6,41
DA:15,11
DA:16,10
DA:20,8
DA:21,3
DA:22,3
DA:27,112
DA:28,111
DA:30,111
DA:31,3
DA:32,3
DA:35,108
DA:39,17
DA:40,16
DA:42,16
DA:43,5
DA:44,5
DA:47,11
LF:21
LH:21
BRDA:20,0,0,3
BRDA:30,1,0,3
BRDA:42,2,0,5
BRF:3
BRH:3
end_of_record
